0 silly input [ 'publish' ]
1 silly flags { _: [ 'publish' ],
1 silly flags   'conventional-commits': true,
1 silly flags   conventionalCommits: true,
1 silly flags   scope: 'apollo-storybook-core',
1 silly flags   forcePublish: true }
2 verbose rootPath /Users/abhiaiyer/Projects/apollo-storybook-decorator
3 info version 2.1.2
4 info versioning independent
5 silly isInitialized
6 silly isInitialized true
7 silly existsSync /Users/abhiaiyer/Projects/apollo-storybook-decorator/VERSION
8 info scope apollo-storybook-core
9 error EPACKAGES TypeError: Cannot read property 'split' of undefined
9 error EPACKAGES     at Minimatch.match (/Users/abhiaiyer/.nvm/versions/node/v6.9.1/lib/node_modules/lerna/node_modules/minimatch/minimatch.js:717:8)
9 error EPACKAGES     at minimatch (/Users/abhiaiyer/.nvm/versions/node/v6.9.1/lib/node_modules/lerna/node_modules/minimatch/minimatch.js:107:42)
9 error EPACKAGES     at /Users/abhiaiyer/.nvm/versions/node/v6.9.1/lib/node_modules/lerna/lib/PackageUtilities.js:70:38
9 error EPACKAGES     at Array.some (native)
9 error EPACKAGES     at filterPackage (/Users/abhiaiyer/.nvm/versions/node/v6.9.1/lib/node_modules/lerna/lib/PackageUtilities.js:69:17)
9 error EPACKAGES     at /Users/abhiaiyer/.nvm/versions/node/v6.9.1/lib/node_modules/lerna/lib/PackageUtilities.js:209:18
9 error EPACKAGES     at Array.filter (native)
9 error EPACKAGES     at Function.filterPackages (/Users/abhiaiyer/.nvm/versions/node/v6.9.1/lib/node_modules/lerna/lib/PackageUtilities.js:208:29)
9 error EPACKAGES     at PublishCommand.runPreparations (/Users/abhiaiyer/.nvm/versions/node/v6.9.1/lib/node_modules/lerna/lib/Command.js:284:60)
9 error EPACKAGES     at /Users/abhiaiyer/.nvm/versions/node/v6.9.1/lib/node_modules/lerna/lib/Command.js:208:18
9 error EPACKAGES  Errored while collecting packages and package graph { TypeError: Cannot read property 'split' of undefined
9 error EPACKAGES     at Minimatch.match (/Users/abhiaiyer/.nvm/versions/node/v6.9.1/lib/node_modules/lerna/node_modules/minimatch/minimatch.js:717:8)
9 error EPACKAGES     at minimatch (/Users/abhiaiyer/.nvm/versions/node/v6.9.1/lib/node_modules/lerna/node_modules/minimatch/minimatch.js:107:42)
9 error EPACKAGES     at /Users/abhiaiyer/.nvm/versions/node/v6.9.1/lib/node_modules/lerna/lib/PackageUtilities.js:70:38
9 error EPACKAGES     at Array.some (native)
9 error EPACKAGES     at filterPackage (/Users/abhiaiyer/.nvm/versions/node/v6.9.1/lib/node_modules/lerna/lib/PackageUtilities.js:69:17)
9 error EPACKAGES     at /Users/abhiaiyer/.nvm/versions/node/v6.9.1/lib/node_modules/lerna/lib/PackageUtilities.js:209:18
9 error EPACKAGES     at Array.filter (native)
9 error EPACKAGES     at Function.filterPackages (/Users/abhiaiyer/.nvm/versions/node/v6.9.1/lib/node_modules/lerna/lib/PackageUtilities.js:208:29)
9 error EPACKAGES     at PublishCommand.runPreparations (/Users/abhiaiyer/.nvm/versions/node/v6.9.1/lib/node_modules/lerna/lib/Command.js:284:60)
9 error EPACKAGES     at /Users/abhiaiyer/.nvm/versions/node/v6.9.1/lib/node_modules/lerna/lib/Command.js:208:18
9 error EPACKAGES   stack: 'TypeError: Cannot read property \'split\' of undefined\n    at Minimatch.match (/Users/abhiaiyer/.nvm/versions/node/v6.9.1/lib/node_modules/lerna/node_modules/minimatch/minimatch.js:717:8)\n    at minimatch (/Users/abhiaiyer/.nvm/versions/node/v6.9.1/lib/node_modules/lerna/node_modules/minimatch/minimatch.js:107:42)\n    at /Users/abhiaiyer/.nvm/versions/node/v6.9.1/lib/node_modules/lerna/lib/PackageUtilities.js:70:38\n    at Array.some (native)\n    at filterPackage (/Users/abhiaiyer/.nvm/versions/node/v6.9.1/lib/node_modules/lerna/lib/PackageUtilities.js:69:17)\n    at /Users/abhiaiyer/.nvm/versions/node/v6.9.1/lib/node_modules/lerna/lib/PackageUtilities.js:209:18\n    at Array.filter (native)\n    at Function.filterPackages (/Users/abhiaiyer/.nvm/versions/node/v6.9.1/lib/node_modules/lerna/lib/PackageUtilities.js:208:29)\n    at PublishCommand.runPreparations (/Users/abhiaiyer/.nvm/versions/node/v6.9.1/lib/node_modules/lerna/lib/Command.js:284:60)\n    at /Users/abhiaiyer/.nvm/versions/node/v6.9.1/lib/node_modules/lerna/lib/Command.js:208:18' }
